app/k9mail/build/outputs/logs/manifest-merger-debug-report.txt
-- Merging decision tree log ---
permission#com.fsck.k9.debug.permission.REMOTE_CONTROL
INJECTED from src/main/AndroidManifest.xml:29:5-34:46
	android:label
		ADDED from src/main/AndroidManifest.xml:32:9-53
	android:protectionLevel
		ADDED from src/main/AndroidManifest.xml:34:9-44
	android:permissionGroup
		ADDED from src/main/AndroidManifest.xml:33:9-68
	android:description
		ADDED from src/main/AndroidManifest.xml:31:9-58
	android:name
		INJECTED from src/main/AndroidManifest.xml
		ADDED from src/main/AndroidManifest.xml:30:9-66
uses-permission#com.fsck.k9.debug.permission.REMOTE_CONTROL
INJECTED from src/main/AndroidManifest.xml:35:5-81
	android:name
		INJECTED from src/main/AndroidManifest.xml
		ADDED from src/main/AndroidManifest.xml:35:22-79
permission#com.fsck.k9.debug.permission.READ_MESSAGES
INJECTED from src/main/AndroidManifest.xml:37:5-42:46
	android:label
		ADDED from src/main/AndroidManifest.xml:40:9-52
	android:protectionLevel
		ADDED from src/main/AndroidManifest.xml:42:9-44
	android:permissionGroup
		ADDED from src/main/AndroidManifest.xml:41:9-68
	android:description
		ADDED from src/main/AndroidManifest.xml:39:9-57
	android:name
		INJECTED from src/main/AndroidManifest.xml
		ADDED from src/main/AndroidManifest.xml:38:9-65
uses-permission#com.fsck.k9.debug.permission.READ_MESSAGES
INJECTED from src/main/AndroidManifest.xml:43:5-80
	android:name
		INJECTED from src/main/AndroidManifest.xml
		ADDED from src/main/AndroidManifest.xml:43:22-78
permission#com.fsck.k9.debug.permission.DELETE_MESSAGES
INJECTED from src/main/AndroidManifest.xml:45:5-50:46
	android:label
		ADDED from src/main/AndroidManifest.xml:48:9-54
	android:protectionLevel
		ADDED from src/main/AndroidManifest.xml:50:9-44
	android:permissionGroup
		ADDED from src/main/AndroidManifest.xml:49:9-68
	android:description
		ADDED from src/main/AndroidManifest.xml:47:9-59
	android:name
		INJECTED from src/main/AndroidManifest.xml
		ADDED from src/main/AndroidManifest.xml:46:9-67
uses-permission#com.fsck.k9.debug.permission.DELETE_MESSAGES
INJECTED from src/main/AndroidManifest.xml:51:5-82
	android:name
		INJECTED from src/main/AndroidManifest.xml
		ADDED from src/main/AndroidManifest.xml:51:22-80
receiver#com.fsck.k9.external.remotecontrol.RemoteControlReceiver
INJECTED from src/main/AndroidManifest.xml:341:9-351:20
	android:enabled
		ADDED from src/main/AndroidManifest.xml:343:13-35
	android:permission
		INJECTED from src/main/AndroidManifest.xml
		ADDED from src/main/AndroidManifest.xml:344:13-76
	android:name
		ADDED from src/main/AndroidManifest.xml:342:13-73
action#com.fsck.k9.debug.K9RemoteControl.set
INJECTED from src/main/AndroidManifest.xml:346:17-78
	android:name
		INJECTED from src/main/AndroidManifest.xml
		ADDED from src/main/AndroidManifest.xml:346:25-76
action#com.fsck.k9.debug.K9RemoteControl.requestAccounts
INJECTED from src/main/AndroidManifest.xml:349:17-90
	android:name
		INJECTED from src/main/AndroidManifest.xml
		ADDED from src/main/AndroidManifest.xml:349:25-88
service#com.fsck.k9.external.remotecontrol.RemoteControlService
INJECTED from src/main/AndroidManifest.xml:418:9-421:78
	android:enabled
		ADDED from src/main/AndroidManifest.xml:420:13-35
	android:permission
		INJECTED from src/main/AndroidManifest.xml
		ADDED from src/main/AndroidManifest.xml:421:13-76
	android:name
		ADDED from src/main/AndroidManifest.xml:419:13-72
provider#com.fsck.k9.provider.AttachmentProvider
INJECTED from src/main/AndroidManifest.xml:444:9-454:20
	android:grantUriPermissions
		ADDED from src/main/AndroidManifest.xml:448:13-47
	android:authorities
		INJECTED from src/main/AndroidManifest.xml
		ADDED from src/main/AndroidManifest.xml:446:13-70
	android:exported
		ADDED from src/main/AndroidManifest.xml:447:13-37
	android:name
		ADDED from src/main/AndroidManifest.xml:445:13-56
provider#com.fsck.k9.provider.RawMessageProvider
INJECTED from src/main/AndroidManifest.xml:456:9-465:20
	android:authorities
		INJECTED from src/main/AndroidManifest.xml
		ADDED from src/main/AndroidManifest.xml:458:13-70
	android:exported
		ADDED from src/main/AndroidManifest.xml:459:13-37
	android:name
		ADDED from src/main/AndroidManifest.xml:457:13-56
provider#com.fsck.k9.external.MessageProvider
INJECTED from src/main/AndroidManifest.xml:467:9-474:84
INJECTED from src/main/AndroidManifest.xml:467:9-474:84
INJECTED from src/main/AndroidManifest.xml:467:9-474:84
	android:readPermission
		INJECTED from src/main/AndroidManifest.xml
		ADDED from src/main/AndroidManifest.xml:473:13-79
	android:grantUriPermissions
		ADDED from src/main/AndroidManifest.xml:471:13-47
	android:authorities
		INJECTED from src/main/AndroidManifest.xml
		ADDED from src/main/AndroidManifest.xml:469:13-67
	android:multiprocess
		ADDED from src/main/AndroidManifest.xml:472:13-40
	android:exported
		ADDED from src/main/AndroidManifest.xml:470:13-36
	android:name
		ADDED from src/main/AndroidManifest.xml:468:13-53
	android:writePermission
		INJECTED from src/main/AndroidManifest.xml
		ADDED from src/main/AndroidManifest.xml:474:13-82
provider#com.fsck.k9.provider.EmailProvider
INJECTED from src/main/AndroidManifest.xml:476:9-479:39
	android:authorities
		INJECTED from src/main/AndroidManifest.xml
		ADDED from src/main/AndroidManifest.xml:478:13-66
	android:exported
		ADDED from src/main/AndroidManifest.xml:479:13-37
	android:name
		ADDED from src/main/AndroidManifest.xml:477:13-51
provider#com.fsck.k9.provider.DecryptedFileProvider
INJECTED from src/main/AndroidManifest.xml:481:9-490:20
	android:grantUriPermissions
		ADDED from src/main/AndroidManifest.xml:485:13-47
	android:authorities
		INJECTED from src/main/AndroidManifest.xml
		ADDED from src/main/AndroidManifest.xml:483:13-73
	android:exported
		ADDED from src/main/AndroidManifest.xml:484:13-37
	android:name
		ADDED from src/main/AndroidManifest.xml:482:13-59
provider#com.fsck.k9.provider.AttachmentTempFileProvider
INJECTED from src/main/AndroidManifest.xml:492:9-501:20
	android:grantUriPermissions
		ADDED from src/main/AndroidManifest.xml:496:13-47
	android:authorities
		INJECTED from src/main/AndroidManifest.xml
		ADDED from src/main/AndroidManifest.xml:494:13-68
	android:exported
		ADDED from src/main/AndroidManifest.xml:495:13-37
	android:name
		ADDED from src/main/AndroidManifest.xml:493:13-64
manifest
ADDED from src/main/AndroidManifest.xml:2:1-504:12
INJECTED from src/main/AndroidManifest.xml:2:1-504:12
INJECTED from src/main/AndroidManifest.xml:2:1-504:12
INJECTED from src/main/AndroidManifest.xml:2:1-504:12
MERGED from [:app:ui] AndroidManifest.xml:2:1-10:12
MERGED from [:app:storage] AndroidManifest.xml:2:1-10:12
MERGED from [:app:crypto-openpgp] AndroidManifest.xml:2:1-8:12
MERGED from [:app:core] AndroidManifest.xml:2:1-10:12
MERGED from [:backend:imap] AndroidManifest.xml:2:1-8:12
MERGED from [:backend:pop3] AndroidManifest.xml:2:1-8:12
MERGED from [:backend:webdav] AndroidManifest.xml:2:1-8:12
MERGED from [:backend:api] AndroidManifest.xml:2:1-8:12
MERGED from [:mail:protocols:imap] AndroidManifest.xml:2:1-8:12
MERGED from [:mail:protocols:smtp] AndroidManifest.xml:2:1-8:12
MERGED from [:mail:protocols:pop3] AndroidManifest.xml:2:1-8:12
MERGED from [:mail:protocols:webdav] AndroidManifest.xml:2:1-8:12
MERGED from [:mail:common] AndroidManifest.xml:2:1-8:12
MERGED from [com.xwray:groupie-kotlin-android-extensions:2.1.0] AndroidManifest.xml:2:1-11:12
MERGED from [com.takisoft.fix:preference-v7-colorpicker:27.1.1.1] AndroidManifest.xml:2:1-11:12
MERGED from [com.takisoft.fix:preference-v7-ringtone:27.1.1.1] AndroidManifest.xml:2:1-11:12
MERGED from [com.mikepenz:materialdrawer:6.0.7] AndroidManifest.xml:2:1-11:12
MERGED from [com.github.ByteHamster:SearchPreference:v1.1.4] AndroidManifest.xml:2:1-9:12
MERGED from [:plugins:openpgp-api-lib:openpgp-api] AndroidManifest.xml:2:1-9:12
MERGED from [com.takisoft.fix:preference-v7-datetimepicker:27.1.1.1] AndroidManifest.xml:2:1-11:12
MERGED from [com.takisoft.fix:preference-v7:27.1.1.1] AndroidManifest.xml:2:1-21:12
MERGED from [com.android.support:preference-v14:27.1.1] AndroidManifest.xml:17:1-22:12
MERGED from [com.android.support:preference-v7:27.1.1] AndroidManifest.xml:17:1-22:12
MERGED from [com.takisoft.fix:datetimepicker:1.0.6] AndroidManifest.xml:2:1-11:12
MERGED from [com.takisoft.fix:colorpicker:1.0.4] AndroidManifest.xml:2:1-11:12
MERGED from [com.mikepenz:materialize:1.1.2] AndroidManifest.xml:2:1-12:12
MERGED from [com.mikepenz:iconics-core:3.0.3] AndroidManifest.xml:2:1-12:12
MERGED from [com.android.support:design:27.1.1] AndroidManifest.xml:17:1-22:12
MERGED from [com.android.support:appcompat-v7:27.1.1] AndroidManifest.xml:17:1-22:12
MERGED from [com.jakewharton.timber:timber:4.5.1] AndroidManifest.xml:2:1-10:12
MERGED from [androidx.core:core-ktx:0.3] AndroidManifest.xml:2:1-7:12
MERGED from [org.koin:koin-android-architecture:0.9.1] AndroidManifest.xml:2:1-13:12
MERGED from [org.koin:koin-android:0.9.1] AndroidManifest.xml:2:1-13:12
MERGED from [:plugins:HoloColorPicker] AndroidManifest.xml:2:1-11:12
MERGED from [com.xwray:groupie:2.1.0] AndroidManifest.xml:2:1-14:12
MERGED from [com.android.support:recyclerview-v7:27.1.1] AndroidManifest.xml:17:1-22:12
MERGED from [android.arch.lifecycle:extensions:1.1.0] AndroidManifest.xml:17:1-30:12
MERGED from [de.cketti.library.changelog:ckchangelog:1.2.1] AndroidManifest.xml:2:1-12:12
MERGED from [com.splitwise:tokenautocomplete:2.0.7] AndroidManifest.xml:2:1-13:12
MERGED from [de.cketti.safecontentresolver:safe-content-resolver-v14:0.9.0] AndroidManifest.xml:2:1-12:12
MERGED from [com.github.amlcurran.showcaseview:library:5.4.1] AndroidManifest.xml:17:1-26:12
MERGED from [com.mikepenz:fontawesome-typeface:5.3.1.1] AndroidManifest.xml:2:1-11:12
MERGED from [com.evernote:android-job:1.2.6] AndroidManifest.xml:2:1-65:12
MERGED from [com.android.support:support-v4:27.1.1] AndroidManifest.xml:17:1-22:12
MERGED from [com.android.support:support-fragment:27.1.1] AndroidManifest.xml:17:1-22:12
MERGED from [com.android.support:animated-vector-drawable:27.1.1] AndroidManifest.xml:17:1-22:12
MERGED from [com.android.support:support-core-ui:27.1.1] AndroidManifest.xml:17:1-22:12
MERGED from [com.android.support:support-core-utils:27.1.1] AndroidManifest.xml:17:1-22:12
MERGED from [com.android.support:support-vector-drawable:27.1.1] AndroidManifest.xml:17:1-22:12
MERGED from [com.android.support:transition:27.1.1] AndroidManifest.xml:17:1-22:12
MERGED from [com.android.support:support-compat:27.1.1] AndroidManifest.xml:17:1-22:12
MERGED from [android.arch.lifecycle:runtime:1.1.0] AndroidManifest.xml:17:1-22:12
MERGED from [android.arch.lifecycle:livedata:1.1.0] AndroidManifest.xml:17:1-22:12
MERGED from [android.arch.lifecycle:livedata-core:1.1.0] AndroidManifest.xml:17:1-22:12
MERGED from [android.arch.core:runtime:1.1.0] AndroidManifest.xml:17:1-22:12
MERGED from [android.arch.lifecycle:viewmodel:1.1.0] AndroidManifest.xml:17:1-22:12
MERGED from [de.cketti.safecontentresolver:safe-content-resolver-v21:0.9.0] AndroidManifest.xml:2:1-10:12
MERGED from [com.android.support:cardview-v7:27.1.1] AndroidManifest.xml:17:1-22:12
MERGED from [com.getkeepsafe.relinker:relinker:1.2.1] AndroidManifest.xml:2:1-9:12
MERGED from [com.mikepenz:fastadapter:3.2.4] AndroidManifest.xml:2:1-12:12
MERGED from [com.mikepenz:fastadapter-extensions-expandable:3.2.4] AndroidManifest.xml:2:1-12:12
MERGED from [com.google.android:flexbox:0.3.2] AndroidManifest.xml:17:1-27:12
INJECTED from src/main/AndroidManifest.xml:2:1-504:12
INJECTED from src/main/AndroidManifest.xml:2:1-504:12
INJECTED from src/main/AndroidManifest.xml:2:1-504:12
	package
		ADDED from src/main/AndroidManifest.xml:5:5-26
		INJECTED from src/main/AndroidManifest.xml
		INJECTED from src/main/AndroidManifest.xml
	android:versionName
		INJECTED from src/main/AndroidManifest.xml
		ADDED from src/main/AndroidManifest.xml:2:1-504:12
		INJECTED from src/main/AndroidManifest.xml
	android:versionCode
		INJECTED from src/main/AndroidManifest.xml
		ADDED from src/main/AndroidManifest.xml:2:1-504:12
		INJECTED from src/main/AndroidManifest.xml
	xmlns:android
		ADDED from src/main/AndroidManifest.xml:3:5-63
	android:installLocation
		ADDED from src/main/AndroidManifest.xml:4:5-35
uses-feature#android.hardware.touchscreen
ADDED from src/main/AndroidManifest.xml:7:5-9:35
	android:required
		ADDED from src/main/AndroidManifest.xml:9:9-33
	android:name
		ADDED from src/main/AndroidManifest.xml:8:9-52
supports-screens
ADDED from src/main/AndroidManifest.xml:11:5-15:38
	android:largeScreens
		ADDED from src/main/AndroidManifest.xml:13:9-36
	android:smallScreens
		ADDED from src/main/AndroidManifest.xml:15:9-36
	android:normalScreens
		ADDED from src/main/AndroidManifest.xml:14:9-37
	android:anyDensity
		ADDED from src/main/AndroidManifest.xml:12:9-34
uses-permission#android.permission.RECEIVE_BOOT_COMPLETED
ADDED from src/main/AndroidManifest.xml:17:5-80
MERGED from [com.evernote:android-job:1.2.6] AndroidManifest.xml:14:5-81
MERGED from [com.evernote:android-job:1.2.6] AndroidManifest.xml:14:5-81
	android:name
		ADDED from src/main/AndroidManifest.xml:17:22-78
uses-permission#android.permission.READ_CONTACTS
ADDED from src/main/AndroidManifest.xml:18:5-71
	android:name
		ADDED from src/main/AndroidManifest.xml:18:22-69
uses-permission#android.permission.READ_SYNC_SETTINGS
ADDED from src/main/AndroidManifest.xml:19:5-76
	android:name
		ADDED from src/main/AndroidManifest.xml:19:22-74
uses-permission#android.permission.WRITE_CONTACTS
ADDED from src/main/AndroidManifest.xml:22:5-72
	android:name
		ADDED from src/main/AndroidManifest.xml:22:22-70
uses-permission#android.permission.ACCESS_NETWORK_STATE
ADDED from src/main/AndroidManifest.xml:24:5-78
MERGED from [com.evernote:android-job:1.2.6] AndroidManifest.xml:13:5-79
MERGED from [com.evernote:android-job:1.2.6] AndroidManifest.xml:13:5-79
	android:name
		ADDED from src/main/AndroidManifest.xml:24:22-76
uses-permission#android.permission.INTERNET
ADDED from src/main/AndroidManifest.xml:25:5-66
	android:name
		ADDED from src/main/AndroidManifest.xml:25:22-64
uses-permission#android.permission.VIBRATE
ADDED from src/main/AndroidManifest.xml:26:5-65
	android:name
		ADDED from src/main/AndroidManifest.xml:26:22-63
uses-permission#android.permission.WAKE_LOCK
ADDED from src/main/AndroidManifest.xml:27:5-67
MERGED from [com.evernote:android-job:1.2.6] AndroidManifest.xml:12:5-68
MERGED from [com.evernote:android-job:1.2.6] AndroidManifest.xml:12:5-68
	android:name
		ADDED from src/main/AndroidManifest.xml:27:22-65
application
ADDED from src/main/AndroidManifest.xml:54:5-503:19
MERGED from [:plugins:openpgp-api-lib:openpgp-api] AndroidManifest.xml:7:5-20
MERGED from [:plugins:openpgp-api-lib:openpgp-api] AndroidManifest.xml:7:5-20
MERGED from [com.jakewharton.timber:timber:4.5.1] AndroidManifest.xml:8:5-20
MERGED from [com.jakewharton.timber:timber:4.5.1] AndroidManifest.xml:8:5-20
MERGED from [org.koin:koin-android-architecture:0.9.1] AndroidManifest.xml:11:5-20
MERGED from [org.koin:koin-android-architecture:0.9.1] AndroidManifest.xml:11:5-20
MERGED from [org.koin:koin-android:0.9.1] AndroidManifest.xml:11:5-20
MERGED from [org.koin:koin-android:0.9.1] AndroidManifest.xml:11:5-20
MERGED from [com.xwray:groupie:2.1.0] AndroidManifest.xml:11:5-12:19
MERGED from [com.xwray:groupie:2.1.0] AndroidManifest.xml:11:5-12:19
MERGED from [android.arch.lifecycle:extensions:1.1.0] AndroidManifest.xml:22:5-28:19
MERGED from [android.arch.lifecycle:extensions:1.1.0] AndroidManifest.xml:22:5-28:19
MERGED from [de.cketti.library.changelog:ckchangelog:1.2.1] AndroidManifest.xml:10:5-20
MERGED from [de.cketti.library.changelog:ckchangelog:1.2.1] AndroidManifest.xml:10:5-20
MERGED from [com.splitwise:tokenautocomplete:2.0.7] AndroidManifest.xml:11:5-20
MERGED from [com.splitwise:tokenautocomplete:2.0.7] AndroidManifest.xml:11:5-20
MERGED from [de.cketti.safecontentresolver:safe-content-resolver-v14:0.9.0] AndroidManifest.xml:10:5-20
MERGED from [de.cketti.safecontentresolver:safe-content-resolver-v14:0.9.0] AndroidManifest.xml:10:5-20
MERGED from [com.evernote:android-job:1.2.6] AndroidManifest.xml:16:5-63:19
MERGED from [com.evernote:android-job:1.2.6] AndroidManifest.xml:16:5-63:19
MERGED from [de.cketti.safecontentresolver:safe-content-resolver-v21:0.9.0] AndroidManifest.xml:8:5-20
MERGED from [de.cketti.safecontentresolver:safe-content-resolver-v21:0.9.0] AndroidManifest.xml:8:5-20
	android:label
		ADDED from src/main/AndroidManifest.xml:59:9-41
	android:resizeableActivity
		ADDED from src/main/AndroidManifest.xml:61:9-42
	tools:ignore
		ADDED from [com.evernote:android-job:1.2.6] AndroidManifest.xml:16:18-44
	android:roundIcon
		ADDED from src/main/AndroidManifest.xml:58:9-56
	android:allowTaskReparenting
		ADDED from src/main/AndroidManifest.xml:56:9-45
	android:icon
		ADDED from src/main/AndroidManifest.xml:57:9-45
	android:allowBackup
		ADDED from src/main/AndroidManifest.xml:62:9-36
	android:theme
		ADDED from src/main/AndroidManifest.xml:60:9-48
	android:name
		ADDED from src/main/AndroidManifest.xml:55:9-39
meta-data#android.app.default_searchable
ADDED from src/main/AndroidManifest.xml:64:9-66:58
	android:value
		ADDED from src/main/AndroidManifest.xml:66:13-56
	android:name
		ADDED from src/main/AndroidManifest.xml:65:13-58
meta-data#com.lge.support.SPLIT_WINDOW
ADDED from src/main/AndroidManifest.xml:69:9-71:35
	android:value
		ADDED from src/main/AndroidManifest.xml:71:13-33
	android:name
		ADDED from src/main/AndroidManifest.xml:70:13-56
uses-library#com.sec.android.app.multiwindow
ADDED from src/main/AndroidManifest.xml:72:9-74:39
	android:required
		ADDED from src/main/AndroidManifest.xml:74:13-37
	android:name
		ADDED from src/main/AndroidManifest.xml:73:13-59
meta-data#com.sec.android.support.multiwindow
ADDED from src/main/AndroidManifest.xml:75:9-77:35
	android:value
		ADDED from src/main/AndroidManifest.xml:77:13-33
	android:name
		ADDED from src/main/AndroidManifest.xml:76:13-63
meta-data#com.samsung.android.sdk.multiwindow.penwindow.enable
ADDED from src/main/AndroidManifest.xml:78:9-80:35
	android:value
		ADDED from src/main/AndroidManifest.xml:80:13-33
	android:name
		ADDED from src/main/AndroidManifest.xml:79:13-80
activity#com.fsck.k9.activity.Accounts
ADDED from src/main/AndroidManifest.xml:82:9-98:20
	android:label
		ADDED from src/main/AndroidManifest.xml:85:13-45
	android:launchMode
		ADDED from src/main/AndroidManifest.xml:86:13-43
	android:uiOptions
		ADDED from src/main/AndroidManifest.xml:87:13-57
	android:configChanges
		ADDED from src/main/AndroidManifest.xml:84:13-43
	android:name
		ADDED from src/main/AndroidManifest.xml:83:13-46
intent-filter#android.intent.action.MAIN+android.intent.category.DEFAULT+android.intent.category.LAUNCHER+android.intent.category.MULTIWINDOW_LAUNCHER+android.intent.category.PENWINDOW_LAUNCHER
ADDED from src/main/AndroidManifest.xml:88:13-97:29
action#android.intent.action.MAIN
ADDED from src/main/AndroidManifest.xml:89:17-68
	android:name
		ADDED from src/main/AndroidManifest.xml:89:25-66
category#android.intent.category.DEFAULT
ADDED from src/main/AndroidManifest.xml:91:17-75
	android:name
		ADDED from src/main/AndroidManifest.xml:91:27-73
category#android.intent.category.LAUNCHER
ADDED from src/main/AndroidManifest.xml:92:17-76
	android:name
		ADDED from src/main/AndroidManifest.xml:92:27-74
category#android.intent.category.MULTIWINDOW_LAUNCHER
ADDED from src/main/AndroidManifest.xml:95:17-88
	android:name
		ADDED from src/main/AndroidManifest.xml:95:27-86
category#android.intent.category.PENWINDOW_LAUNCHER
ADDED from src/main/AndroidManifest.xml:96:17-86
	android:name
		ADDED from src/main/AndroidManifest.xml:96:27-84
activity#com.fsck.k9.activity.setup.WelcomeMessage
ADDED from src/main/AndroidManifest.xml:100:9-103:60
	android:label
		ADDED from src/main/AndroidManifest.xml:103:13-58
	android:configChanges
		ADDED from src/main/AndroidManifest.xml:102:13-43
	android:name
		ADDED from src/main/AndroidManifest.xml:101:13-58
activity#com.fsck.k9.ui.settings.account.OpenPgpAppSelectDialog
ADDED from src/main/AndroidManifest.xml:105:9-109:15
	android:configChanges
		ADDED from src/main/AndroidManifest.xml:107:13-43
	android:theme
		ADDED from src/main/AndroidManifest.xml:108:13-56
	android:name
		ADDED from src/main/AndroidManifest.xml:106:13-71
activity#com.fsck.k9.activity.setup.FontSizeSettings
ADDED from src/main/AndroidManifest.xml:111:9-114:63
	android:label
		ADDED from src/main/AndroidManifest.xml:114:13-61
	android:configChanges
		ADDED from src/main/AndroidManifest.xml:113:13-43
	android:name
		ADDED from src/main/AndroidManifest.xml:112:13-60
activity#com.fsck.k9.activity.setup.AccountSetupBasics
ADDED from src/main/AndroidManifest.xml:116:9-119:65
	android:label
		ADDED from src/main/AndroidManifest.xml:119:13-63
	android:configChanges
		ADDED from src/main/AndroidManifest.xml:118:13-43
	android:name
		ADDED from src/main/AndroidManifest.xml:117:13-62
activity#com.fsck.k9.activity.setup.AccountSetupAccountType
ADDED from src/main/AndroidManifest.xml:121:9-124:71
	android:label
		ADDED from src/main/AndroidManifest.xml:124:13-69
	android:configChanges
		ADDED from src/main/AndroidManifest.xml:123:13-43
	android:name
		ADDED from src/main/AndroidManifest.xml:122:13-67
activity#com.fsck.k9.activity.setup.AccountSetupIncoming
ADDED from src/main/AndroidManifest.xml:126:9-129:67
	android:label
		ADDED from src/main/AndroidManifest.xml:129:13-65
	android:configChanges
		ADDED from src/main/AndroidManifest.xml:128:13-43
	android:name
		ADDED from src/main/AndroidManifest.xml:127:13-64
activity#com.fsck.k9.activity.setup.AccountSetupComposition
ADDED from src/main/AndroidManifest.xml:131:9-134:73
	android:label
		ADDED from src/main/AndroidManifest.xml:134:13-71
	android:configChanges
		ADDED from src/main/AndroidManifest.xml:133:13-43
	android:name
		ADDED from src/main/AndroidManifest.xml:132:13-67
activity#com.fsck.k9.activity.setup.AccountSetupOutgoing
ADDED from src/main/AndroidManifest.xml:136:9-139:67
	android:label
		ADDED from src/main/AndroidManifest.xml:139:13-65
	android:configChanges
		ADDED from src/main/AndroidManifest.xml:138:13-43
	android:name
		ADDED from src/main/AndroidManifest.xml:137:13-64
activity#com.fsck.k9.activity.setup.AccountSetupOptions
ADDED from src/main/AndroidManifest.xml:141:9-144:66
	android:label
		ADDED from src/main/AndroidManifest.xml:144:13-64
	android:configChanges
		ADDED from src/main/AndroidManifest.xml:143:13-43
	android:name
		ADDED from src/main/AndroidManifest.xml:142:13-63
activity#com.fsck.k9.activity.setup.AccountSetupNames
ADDED from src/main/AndroidManifest.xml:146:9-149:64
	android:label
		ADDED from src/main/AndroidManifest.xml:149:13-62
	android:configChanges
		ADDED from src/main/AndroidManifest.xml:148:13-43
	android:name
		ADDED from src/main/AndroidManifest.xml:147:13-61
activity#com.fsck.k9.activity.ChooseAccount
ADDED from src/main/AndroidManifest.xml:151:9-156:52
	android:label
		ADDED from src/main/AndroidManifest.xml:154:13-57
	android:noHistory
		ADDED from src/main/AndroidManifest.xml:155:13-37
	android:configChanges
		ADDED from src/main/AndroidManifest.xml:153:13-43
	android:theme
		ADDED from src/main/AndroidManifest.xml:156:13-50
	android:name
		ADDED from src/main/AndroidManifest.xml:152:13-51
activity#com.fsck.k9.activity.ChooseFolder
ADDED from src/main/AndroidManifest.xml:158:9-163:52
	android:label
		ADDED from src/main/AndroidManifest.xml:161:13-56
	android:noHistory
		ADDED from src/main/AndroidManifest.xml:162:13-37
	android:configChanges
		ADDED from src/main/AndroidManifest.xml:160:13-43
	android:theme
		ADDED from src/main/AndroidManifest.xml:163:13-50
	android:name
		ADDED from src/main/AndroidManifest.xml:159:13-50
activity#com.fsck.k9.activity.ChooseIdentity
ADDED from src/main/AndroidManifest.xml:165:9-169:52
	android:label
		ADDED from src/main/AndroidManifest.xml:168:13-58
	android:configChanges
		ADDED from src/main/AndroidManifest.xml:167:13-43
	android:theme
		ADDED from src/main/AndroidManifest.xml:169:13-50
	android:name
		ADDED from src/main/AndroidManifest.xml:166:13-52
activity#com.fsck.k9.activity.ManageIdentities
ADDED from src/main/AndroidManifest.xml:171:9-174:62
	android:label
		ADDED from src/main/AndroidManifest.xml:174:13-60
	android:configChanges
		ADDED from src/main/AndroidManifest.xml:173:13-43
	android:name
		ADDED from src/main/AndroidManifest.xml:172:13-54
activity#com.fsck.k9.activity.EditIdentity
ADDED from src/main/AndroidManifest.xml:176:9-179:58
	android:label
		ADDED from src/main/AndroidManifest.xml:179:13-56
	android:configChanges
		ADDED from src/main/AndroidManifest.xml:178:13-43
	android:name
		ADDED from src/main/AndroidManifest.xml:177:13-50
activity#com.fsck.k9.activity.NotificationDeleteConfirmation
ADDED from src/main/AndroidManifest.xml:181:9-186:74
	android:excludeFromRecents
		ADDED from src/main/AndroidManifest.xml:183:13-46
	android:launchMode
		ADDED from src/main/AndroidManifest.xml:184:13-43
	android:theme
		ADDED from src/main/AndroidManifest.xml:186:13-72
	android:taskAffinity
		ADDED from src/main/AndroidManifest.xml:185:13-36
	android:name
		ADDED from src/main/AndroidManifest.xml:182:13-68
activity#com.fsck.k9.activity.setup.AccountSetupCheckSettings
ADDED from src/main/AndroidManifest.xml:190:9-193:73
	android:label
		ADDED from src/main/AndroidManifest.xml:193:13-71
	android:configChanges
		ADDED from src/main/AndroidManifest.xml:192:13-70
	android:name
		ADDED from src/main/AndroidManifest.xml:191:13-69
activity#com.fsck.k9.activity.setup.FolderSettings
ADDED from src/main/AndroidManifest.xml:195:9-199:58
	android:label
		ADDED from src/main/AndroidManifest.xml:198:13-58
	android:configChanges
		ADDED from src/main/AndroidManifest.xml:197:13-43
	android:theme
		ADDED from src/main/AndroidManifest.xml:199:13-56
	android:name
		ADDED from src/main/AndroidManifest.xml:196:13-58
activity#com.fsck.k9.ui.endtoend.AutocryptKeyTransferActivity
ADDED from src/main/AndroidManifest.xml:201:9-205:15
	android:label
		ADDED from src/main/AndroidManifest.xml:204:13-54
	android:configChanges
		ADDED from src/main/AndroidManifest.xml:203:13-43
	android:name
		ADDED from src/main/AndroidManifest.xml:202:13-69
activity#com.fsck.k9.activity.FolderList
ADDED from src/main/AndroidManifest.xml:207:9-215:20
	android:uiOptions
		ADDED from src/main/AndroidManifest.xml:210:13-57
	android:configChanges
		ADDED from src/main/AndroidManifest.xml:209:13-43
	android:name
		ADDED from src/main/AndroidManifest.xml:208:13-48
intent-filter#android.intent.action.MAIN
ADDED from src/main/AndroidManifest.xml:211:13-214:29
activity#com.fsck.k9.activity.MessageList
ADDED from src/main/AndroidManifest.xml:217:9-233:20
	android:launchMode
		ADDED from src/main/AndroidManifest.xml:220:13-43
	android:uiOptions
		ADDED from src/main/AndroidManifest.xml:221:13-57
	android:configChanges
		ADDED from src/main/AndroidManifest.xml:219:13-43
	android:name
		ADDED from src/main/AndroidManifest.xml:218:13-49
intent-filter#android.intent.action.VIEW+android.intent.category.DEFAULT
ADDED from src/main/AndroidManifest.xml:226:13-232:29
action#android.intent.action.VIEW
ADDED from src/main/AndroidManifest.xml:227:17-68
	android:name
		ADDED from src/main/AndroidManifest.xml:227:25-66
data
ADDED from src/main/AndroidManifest.xml:228:17-230:45
	android:host
		ADDED from src/main/AndroidManifest.xml:229:21-44
	android:scheme
		ADDED from src/main/AndroidManifest.xml:230:21-43
	android:mimeType
		ADDED from src/main/AndroidManifest.xml:247:23-45
activity#com.fsck.k9.activity.MessageCompose
ADDED from src/main/AndroidManifest.xml:235:9-270:20
	android:enabled
		ADDED from src/main/AndroidManifest.xml:238:13-36
	android:label
		ADDED from src/main/AndroidManifest.xml:239:13-45
	android:configChanges
		ADDED from src/main/AndroidManifest.xml:237:13-43
	android:name
		ADDED from src/main/AndroidManifest.xml:236:13-52
intent-filter#android.intent.action.SENDTO+android.intent.category.DEFAULT
ADDED from src/main/AndroidManifest.xml:240:13-244:29
action#android.intent.action.SENDTO
ADDED from src/main/AndroidManifest.xml:241:17-70
	android:name
		ADDED from src/main/AndroidManifest.xml:241:25-68
intent-filter#android.intent.action.SEND+android.intent.category.DEFAULT
ADDED from src/main/AndroidManifest.xml:245:13-249:29
action#android.intent.action.SEND
ADDED from src/main/AndroidManifest.xml:246:17-68
	android:name
		ADDED from src/main/AndroidManifest.xml:246:25-66
intent-filter#android.intent.action.SEND_MULTIPLE+android.intent.category.DEFAULT
ADDED from src/main/AndroidManifest.xml:250:13-254:29
action#android.intent.action.SEND_MULTIPLE
ADDED from src/main/AndroidManifest.xml:251:17-77
	android:name
		ADDED from src/main/AndroidManifest.xml:251:25-75
intent-filter#android.intent.action.VIEW+android.intent.category.BROWSABLE+android.intent.category.DEFAULT
ADDED from src/main/AndroidManifest.xml:255:13-261:29
category#android.intent.category.BROWSABLE
ADDED from src/main/AndroidManifest.xml:260:17-77
	android:name
		ADDED from src/main/AndroidManifest.xml:260:27-75
intent-filter#android.intent.category.DEFAULT+org.autocrypt.PEER_ACTION
ADDED from src/main/AndroidManifest.xml:262:13-265:29
action#org.autocrypt.PEER_ACTION
ADDED from src/main/AndroidManifest.xml:263:17-67
	android:name
		ADDED from src/main/AndroidManifest.xml:263:25-65
meta-data#android.service.chooser.chooser_target_service
ADDED from src/main/AndroidManifest.xml:267:13-269:78
	android:value
		ADDED from src/main/AndroidManifest.xml:269:17-75
	android:name
		ADDED from src/main/AndroidManifest.xml:268:17-78
activity#com.fsck.k9.activity.Search
ADDED from src/main/AndroidManifest.xml:273:9-285:20
	android:label
		ADDED from src/main/AndroidManifest.xml:276:13-50
	android:uiOptions
		ADDED from src/main/AndroidManifest.xml:277:13-57
	android:configChanges
		ADDED from src/main/AndroidManifest.xml:275:13-43
	android:name
		ADDED from src/main/AndroidManifest.xml:274:13-44